c:\users\gamer\source\repos\guidedhacking\guidedhacking\x64\release\vc143.pdb
c:\users\gamer\source\repos\guidedhacking\guidedhacking\x64\release\memory.obj
c:\users\gamer\source\repos\guidedhacking\guidedhacking\x64\release\guidedhacking.obj
c:\users\gamer\source\repos\guidedhacking\guidedhacking\x64\release\events.obj
c:\users\gamer\source\repos\guidedhacking\guidedhacking\x64\release\communication.obj
c:\users\gamer\source\repos\guidedhacking\x64\release\guidedhacking\guidedhacking.cat
c:\users\gamer\source\repos\guidedhacking\x64\release\guidedhacking.sys
c:\users\gamer\source\repos\guidedhacking\x64\release\guidedhacking.pdb
c:\users\gamer\source\repos\guidedhacking\guidedhacking\x64\release\guidedhacking.inf
c:\users\gamer\source\repos\guidedhacking\x64\release\guidedhacking.cer
c:\users\gamer\source\repos\guidedhacking\x64\release\guidedhacking.inf
c:\users\gamer\source\repos\guidedhacking\guidedhacking\x64\release\guidedhacking.tlog\cl.command.1.tlog
c:\users\gamer\source\repos\guidedhacking\guidedhacking\x64\release\guidedhacking.tlog\cl.items.tlog
c:\users\gamer\source\repos\guidedhacking\guidedhacking\x64\release\guidedhacking.tlog\cl.read.1.tlog
c:\users\gamer\source\repos\guidedhacking\guidedhacking\x64\release\guidedhacking.tlog\cl.write.1.tlog
c:\users\gamer\source\repos\guidedhacking\guidedhacking\x64\release\guidedhacking.tlog\inf2cat-expand.20984.read.1.tlog
c:\users\gamer\source\repos\guidedhacking\guidedhacking\x64\release\guidedhacking.tlog\inf2cat-expand.20984.write.1.tlog
c:\users\gamer\source\repos\guidedhacking\guidedhacking\x64\release\guidedhacking.tlog\inf2cat-expand.read.1.tlog
c:\users\gamer\source\repos\guidedhacking\guidedhacking\x64\release\guidedhacking.tlog\inf2cat-expand.write.1.tlog
c:\users\gamer\source\repos\guidedhacking\guidedhacking\x64\release\guidedhacking.tlog\inf2cat.command.1.tlog
c:\users\gamer\source\repos\guidedhacking\guidedhacking\x64\release\guidedhacking.tlog\inf2cat.read.1.tlog
c:\users\gamer\source\repos\guidedhacking\guidedhacking\x64\release\guidedhacking.tlog\inf2cat.write.1.tlog
c:\users\gamer\source\repos\guidedhacking\guidedhacking\x64\release\guidedhacking.tlog\link.command.1.tlog
c:\users\gamer\source\repos\guidedhacking\guidedhacking\x64\release\guidedhacking.tlog\link.read.1.tlog
c:\users\gamer\source\repos\guidedhacking\guidedhacking\x64\release\guidedhacking.tlog\link.write.1.tlog
c:\users\gamer\source\repos\guidedhacking\guidedhacking\x64\release\guidedhacking.tlog\signtool.command.1.tlog
c:\users\gamer\source\repos\guidedhacking\guidedhacking\x64\release\guidedhacking.tlog\signtool.read.1.tlog
c:\users\gamer\source\repos\guidedhacking\guidedhacking\x64\release\guidedhacking.tlog\signtool.timestamp.1.tlog
c:\users\gamer\source\repos\guidedhacking\guidedhacking\x64\release\guidedhacking.tlog\signtool.write.1.tlog
c:\users\gamer\source\repos\guidedhacking\guidedhacking\x64\release\guidedhacking.tlog\stampinf.command.1.tlog
c:\users\gamer\source\repos\guidedhacking\guidedhacking\x64\release\guidedhacking.tlog\stampinf.read.1.tlog
c:\users\gamer\source\repos\guidedhacking\guidedhacking\x64\release\guidedhacking.tlog\stampinf.write.1.tlog
